{"D:\\FinalProject\\swagger-editor-app\\src\\app\\page.tsx": {"path":"D:\\FinalProject\\swagger-editor-app\\src\\app\\page.tsx","statementMap":{"0":{"start":{"line":2,"column":2},"end":{"line":12,"column":null}}},"fnMap":{"0":{"name":"Home","decl":{"start":{"line":1,"column":24},"end":{"line":1,"column":31}},"loc":{"start":{"line":1,"column":31},"end":{"line":14,"column":null}},"line":1}},"branchMap":{},"s":{"0":1},"f":{"0":1},"b":{},"meta":{"lastBranch":0,"lastFunction":1,"lastStatement":1,"seen":{"f:1:24:1:31":0,"s:2:2:12:Infinity":0}}}
}
